0 info it worked if it ends with ok
1 verbose cli [ 'node', '/usr/local/bin/npm', 'uninstall', 'fis', '-g' ]
2 info using npm@1.4.28
3 info using node@v0.10.32
4 verbose lib/node_modules/fis unbuild
5 info preuninstall fis@1.9.13
6 info uninstall fis@1.9.13
7 verbose unsafe-perm in lifecycle true
8 verbose true,/usr/local/lib/node_modules,/usr/local/lib/node_modules unbuild fis@1.9.13
9 verbose /usr/local/bin,[object Object] binRoot
10 info postuninstall fis@1.9.13
11 error Error: EACCES, unlink '/usr/local/lib/node_modules/fis'
11 error  { [Error: EACCES, unlink '/usr/local/lib/node_modules/fis']
11 error   errno: 3,
11 error   code: 'EACCES',
11 error   path: '/usr/local/lib/node_modules/fis' }
12 error Please try running this command again as root/Administrator.
13 error System Darwin 14.3.0
14 error command "node" "/usr/local/bin/npm" "uninstall" "fis" "-g"
15 error cwd /Users/Sunday/Documents/Code/cases/fis-components-demo
16 error node -v v0.10.32
17 error npm -v 1.4.28
18 error path /usr/local/lib/node_modules/fis
19 error code EACCES
20 error errno 3
21 error stack Error: EACCES, unlink '/usr/local/lib/node_modules/fis'
22 verbose exit [ 3, true ]
